<?xml version="1.0" encoding="UTF-8"?>
<!-- Generated by org.testng.reporters.JUnitXMLReporter -->
<testsuite hostname="Pavans-MacBook-Air.local" failures="0" tests="4" name="Default test" time="0.391" errors="0" timestamp="28 Jan 2022 13:12:04 GMT">
  <testcase classname="TestRunner.TestRunner" name="runScenario" time="0.164">
    <skipped/>
  </testcase> <!-- runScenario -->
  <testcase classname="TestRunner.TestRunner" name="runScenario" time="0.008">
    <skipped/>
  </testcase> <!-- runScenario -->
  <testcase classname="TestRunner.TestRunner" name="runScenario" time="0.005">
    <skipped/>
  </testcase> <!-- runScenario -->
  <testcase classname="TestRunner.TestRunner" name="runScenario" time="0.002">
    <skipped/>
  </testcase> <!-- runScenario -->
</testsuite> <!-- Default test -->
